[20/06/2025 17:40:52,817] [SYSTEM] Bot arrêté (SIGINT)
[20/06/2025 17:40:52,817] [SYSTEM] Bot arrêté (SIGINT)
[20/06/2025 17:38:23,588] [COMMAND] Utilisateur: lechat87 - Commande: /announce - Canal: ║🔌・bureau・lechat_
[20/06/2025 17:38:21,847] [MODERATION] Annonce - Modérateur: lechat87 - Cible: 5 salon(s) - Raison: Message: Hmm
[20/06/2025 17:33:27,008] [MODERATION] timeout - Modérateur: Mod#1111 - Cible: BadUser#9999 - Raison: Spam
[20/06/2025 17:33:26,008] [ECONOMY] Utilisateur: User#5678 - Action: daily - Montant: 250 coins
[20/06/2025 17:33:25,009] [COMMAND] Utilisateur: Admin#0001 - Commande: /ping - Canal: #général
[20/06/2025 17:33:24,008] [MEMBER_JOIN] TestUser#1234 a rejoint le serveur
[20/06/2025 17:33:23,009] [SYSTEM] Bot démarré avec succès
[20/06/2025 17:33:22,082] [SYSTEM] Bot démarré avec succès - Hmmbot#0779 - Serveurs: 2 - Utilisateurs: 4 - Salons: 102
[20/06/2025 17:42:00,590] [SYSTEM] Bot démarré avec succès - Hmmbot#0779 - Serveurs: 2 - Utilisateurs: 4 - Salons: 102
[20/06/2025 17:42:01,942] [SYSTEM] Bot démarré avec succès
[20/06/2025 17:42:02,941] [MEMBER_JOIN] TestUser#1234 a rejoint le serveur
[20/06/2025 17:42:03,941] [COMMAND] Utilisateur: Admin#0001 - Commande: /ping - Canal: #général
[20/06/2025 17:42:04,941] [ECONOMY] Utilisateur: User#5678 - Action: daily - Montant: 250 coins
[20/06/2025 17:42:05,943] [MODERATION] timeout - Modérateur: Mod#1111 - Cible: BadUser#9999 - Raison: Spam
[20/06/2025 17:42:17,933] [SYSTEM] Bot arrêté (SIGINT)
[20/06/2025 17:42:17,933] [SYSTEM] Bot arrêté (SIGINT)
[20/06/2025 17:42:05,943] [MODERATION] timeout - Modérateur: Mod#1111 - Cible: BadUser#9999 - Raison: Spam
[20/06/2025 17:42:04,941] [ECONOMY] Utilisateur: User#5678 - Action: daily - Montant: 250 coins
[20/06/2025 17:42:03,941] [COMMAND] Utilisateur: Admin#0001 - Commande: /ping - Canal: #général
[20/06/2025 17:42:02,941] [MEMBER_JOIN] TestUser#1234 a rejoint le serveur
[20/06/2025 17:42:01,942] [SYSTEM] Bot démarré avec succès
[20/06/2025 17:42:00,590] [SYSTEM] Bot démarré avec succès - Hmmbot#0779 - Serveurs: 2 - Utilisateurs: 4 - Salons: 102
[20/06/2025 17:42:34,195] [SYSTEM] Bot démarré avec succès - Hmmbot#0779 - Serveurs: 2 - Utilisateurs: 4 - Salons: 102
[20/06/2025 17:42:35,320] [SYSTEM] Bot démarré avec succès
[20/06/2025 17:42:36,319] [MEMBER_JOIN] TestUser#1234 a rejoint le serveur
[20/06/2025 17:42:37,324] [COMMAND] Utilisateur: Admin#0001 - Commande: /ping - Canal: #général
[20/06/2025 17:42:38,324] [ECONOMY] Utilisateur: User#5678 - Action: daily - Montant: 250 coins
[20/06/2025 17:42:39,319] [MODERATION] timeout - Modérateur: Mod#1111 - Cible: BadUser#9999 - Raison: Spam
[20/06/2025 17:47:08,834] [SYSTEM] Bot démarré avec succès
[20/06/2025 17:47:09,833] [MEMBER_JOIN] TestUser#1234 a rejoint le serveur
[20/06/2025 17:47:10,833] [COMMAND] Utilisateur: Admin#0001 - Commande: /ping - Canal: #général
[20/06/2025 17:47:11,833] [ECONOMY] Utilisateur: User#5678 - Action: daily - Montant: 250 coins
[20/06/2025 17:47:12,833] [MODERATION] timeout - Modérateur: Mod#1111 - Cible: BadUser#9999 - Raison: Spam
[20/06/2025 17:50:07,787] [MODERATION] Annonce - Modérateur: lechat87 - Cible: 5 salon(s) - Raison: Message: Hmm
[20/06/2025 17:50:08,013] [COMMAND] Utilisateur: lechat87 - Commande: /announce - Canal: ║🔌・bureau・lechat_
[20/06/2025 17:50:26,170] [MESSAGE_DELETE] Auteur: Utilisateur inconnu - Canal: ║🔌・bureau・lechat_ - Contenu: Non disponible
[20/06/2025 17:50:27,400] [MESSAGE_DELETE] Auteur: Utilisateur inconnu - Canal: ║🔌・bureau・lechat_ - Contenu: Non disponible
[20/06/2025 17:50:28,844] [MESSAGE_DELETE] Auteur: Utilisateur inconnu - Canal: ║🔌・bureau・lechat_ - Contenu: Non disponible
[20/06/2025 17:50:31,116] [MESSAGE_DELETE] Auteur: Utilisateur inconnu - Canal: ║🔌・bureau・lechat_ - Contenu: Non disponible
